[25/4/2026, 07:52:51] [INFO ] ========================================
[25/4/2026, 07:52:51] [INFO ]    DMT — DOCK MANAGEMENT TOOL - SERVER RUNNING
[25/4/2026, 07:52:51] [INFO ] ========================================
[25/4/2026, 07:52:51] [INFO ] 
   Open on ALL devices:
   http://172.20.10.2:3001
[25/4/2026, 07:52:51] [INFO ] 
   Local (this PC):
   http://localhost:3001
[25/4/2026, 07:52:51] [INFO ] 
   Logs folder: C:\Users\Puneet\Desktop\vehicle\server\logs
[25/4/2026, 07:52:51] [INFO ] 
   Default login: admin / admin123
[25/4/2026, 07:52:51] [INFO ] ========================================

[25/4/2026, 07:53:07] [INFO ] Device connected: BQiNOUtFaq01tTBVAAAB
[25/4/2026, 07:53:07] [INFO ] GET /performance → 401 (12ms)
[25/4/2026, 07:53:07] [INFO ] GET / → 401 (3ms)
[25/4/2026, 07:53:07] [INFO ] GET /queue → 401 (3ms)
[25/4/2026, 07:53:07] [INFO ] GET /active → 401 (2ms)
[25/4/2026, 07:53:07] [INFO ] GET / → 401 (3ms)
[25/4/2026, 07:53:07] [INFO ] Device connected: 0YhmOar4mdMcKBs-AAAD
[25/4/2026, 07:53:29] [INFO ] POST /login → 200 (201ms)
[25/4/2026, 07:53:29] [INFO ] GET /performance → 200 (9ms)
[25/4/2026, 07:53:29] [INFO ] GET / → 200 (4ms)
[25/4/2026, 07:53:29] [INFO ] GET /queue → 304 (3ms)
[25/4/2026, 07:53:29] [INFO ] GET /active → 200 (3ms)
[25/4/2026, 07:53:29] [INFO ] GET / → 304 (4ms)
[25/4/2026, 07:53:52] [INFO ] Device disconnected: BQiNOUtFaq01tTBVAAAB
[25/4/2026, 08:13:58] [INFO ] ========================================
[25/4/2026, 08:13:58] [INFO ]    DMT — DOCK MANAGEMENT TOOL - SERVER RUNNING
[25/4/2026, 08:13:58] [INFO ] ========================================
[25/4/2026, 08:13:58] [INFO ] 
   Open on ALL devices:
   http://192.168.1.2:3001
[25/4/2026, 08:13:58] [INFO ] 
   Local (this PC):
   http://localhost:3001
[25/4/2026, 08:13:58] [INFO ] 
   Logs folder: /Users/abhishekprakhar/Developer/MyWork/Project/Vehicle/vehicle/server/logs
[25/4/2026, 08:13:58] [INFO ] 
   Default login: admin / admin123
[25/4/2026, 08:13:58] [INFO ] ========================================

[25/4/2026, 08:14:15] [INFO ] Device connected: LCvxf3o2XB_q3WK-AAAB
[25/4/2026, 08:14:39] [INFO ] POST /login → 200 (97ms)
[25/4/2026, 08:14:39] [INFO ] GET /performance → 200 (18ms)
[25/4/2026, 08:14:39] [INFO ] GET / → 200 (2ms)
[25/4/2026, 08:14:39] [INFO ] GET /queue → 200 (1ms)
[25/4/2026, 08:14:39] [INFO ] GET /active → 200 (1ms)
[25/4/2026, 08:14:46] [INFO ] GET / → 200 (2ms)
[25/4/2026, 08:14:51] [INFO ] GET / → 200 (2ms)
[25/4/2026, 08:15:04] [INFO ] GET /template/users → 200 (39ms)
[25/4/2026, 08:17:02] [INFO ] GET / → 304 (3ms)
[25/4/2026, 08:17:04] [INFO ] GET / → 304 (2ms)
[25/4/2026, 08:17:06] [INFO ] GET / → 304 (2ms)
[25/4/2026, 08:19:03] [INFO ] GET / → 304 (3ms)
[25/4/2026, 08:19:05] [INFO ] GET /history → 200 (4ms)
[25/4/2026, 08:19:53] [INFO ] Device connected: yrbUdFblvM-70HsWAAAD
[25/4/2026, 08:19:57] [INFO ] Device connected: 5XnAmuWVC_zPR8e7AAAF
[25/4/2026, 08:20:38] [INFO ] POST /login → 200 (95ms)
[25/4/2026, 08:20:38] [INFO ] GET /history → 200 (2ms)
[25/4/2026, 08:20:38] [INFO ] GET /active → 304 (27ms)
[25/4/2026, 08:20:43] [INFO ] Device disconnected: yrbUdFblvM-70HsWAAAD
[25/4/2026, 08:20:43] [INFO ] Device connected: a3JRqr3rN-sEpvc-AAAH
[25/4/2026, 08:20:44] [INFO ] Device disconnected: a3JRqr3rN-sEpvc-AAAH
[25/4/2026, 08:20:44] [INFO ] Device connected: Qy8adaTriO-yG0GtAAAJ
[25/4/2026, 08:20:45] [INFO ] Device disconnected: Qy8adaTriO-yG0GtAAAJ
[25/4/2026, 08:20:45] [INFO ] Device connected: eFnFgE9eDAeKLlrpAAAL
[25/4/2026, 08:20:45] [INFO ] Device disconnected: eFnFgE9eDAeKLlrpAAAL
[25/4/2026, 08:20:45] [INFO ] Device connected: GcRX5DhV4vNJWd9HAAAN
[25/4/2026, 08:20:46] [INFO ] Device disconnected: GcRX5DhV4vNJWd9HAAAN
[25/4/2026, 08:20:46] [INFO ] Device connected: c86Kua3rwzHYTGbCAAAP
[25/4/2026, 08:21:07] [INFO ] POST /login → 200 (98ms)
[25/4/2026, 08:21:07] [INFO ] GET / → 304 (2ms)
[25/4/2026, 08:21:07] [INFO ] GET /active → 304 (1ms)
[25/4/2026, 08:21:34] [INFO ] POST /login → 200 (98ms)
[25/4/2026, 08:21:34] [INFO ] GET /performance → 304 (1ms)
[25/4/2026, 08:21:34] [INFO ] GET / → 304 (1ms)
[25/4/2026, 08:21:34] [INFO ] GET /queue → 304 (0ms)
[25/4/2026, 08:21:34] [INFO ] GET /active → 304 (0ms)
[25/4/2026, 08:21:34] [INFO ] GET / → 200 (1ms)
[25/4/2026, 08:25:23] [INFO ] GET /lookup → 200 (3ms)
[25/4/2026, 08:31:43] [INFO ] ========================================
[25/4/2026, 08:31:43] [INFO ]    DMT — DOCK MANAGEMENT TOOL - SERVER RUNNING
[25/4/2026, 08:31:43] [INFO ] ========================================
[25/4/2026, 08:31:43] [INFO ] 
   Open on ALL devices:
   http://192.168.1.2:3001
[25/4/2026, 08:31:43] [INFO ] 
   Local (this PC):
   http://localhost:3001
[25/4/2026, 08:31:43] [INFO ] 
   Logs folder: /Users/abhishekprakhar/Developer/MyWork/Project/Vehicle/DMT-prototype/server/logs
[25/4/2026, 08:31:43] [INFO ] 
   Default login: admin / admin123
[25/4/2026, 08:31:43] [INFO ] ========================================

[25/4/2026, 08:31:48] [INFO ] Device connected: GvlgY6lOovrP_O0AAAAB
[25/4/2026, 08:31:49] [INFO ] Device connected: eGELrNxjao0363BWAAAD
[25/4/2026, 08:32:00] [INFO ] Device connected: O-tpW0HWkAjfwLk1AAAF
[25/4/2026, 08:32:00] [INFO ] GET /performance → 304 (12ms)
[25/4/2026, 08:32:00] [INFO ] GET / → 304 (1ms)
[25/4/2026, 08:32:00] [INFO ] GET /queue → 304 (1ms)
[25/4/2026, 08:32:00] [INFO ] GET /active → 304 (3ms)
[25/4/2026, 08:32:00] [INFO ] GET / → 304 (1ms)
[25/4/2026, 08:32:21] [INFO ] Device disconnected: O-tpW0HWkAjfwLk1AAAF
[25/4/2026, 08:32:21] [INFO ] GET /performance → 304 (3ms)
[25/4/2026, 08:32:21] [INFO ] GET / → 304 (4ms)
[25/4/2026, 08:32:21] [INFO ] Device connected: j63stGwRlngKAbx4AAAH
[25/4/2026, 08:32:21] [INFO ] GET /queue → 304 (2ms)
[25/4/2026, 08:32:21] [INFO ] GET / → 304 (3ms)
[25/4/2026, 08:32:21] [INFO ] GET /active → 304 (1ms)
[25/4/2026, 08:32:32] [INFO ] Device disconnected: eGELrNxjao0363BWAAAD
[25/4/2026, 08:33:36] [INFO ] Device connected: OaHNgL-qEzWdxKvHAAAJ
[25/4/2026, 08:33:53] [INFO ] POST /login → 200 (94ms)
[25/4/2026, 08:33:54] [INFO ] GET /active → 200 (1ms)
[25/4/2026, 08:33:54] [INFO ] GET /history → 200 (1ms)
[25/4/2026, 08:34:07] [INFO ] GET /lookup → 200 (1ms)
[25/4/2026, 08:35:18] [INFO ] ARRIVED: HR26BS1234 | purpose: inbound | shipment: S_1234 | driver: Punit Dalal | dock: QUEUE | by: Ramesh Gupta
[25/4/2026, 08:35:18] [INFO ] POST /register → 200 (19ms)
[25/4/2026, 08:35:18] [INFO ] GET /active → 200 (1ms)
[25/4/2026, 08:35:18] [INFO ] GET /history → 200 (1ms)
[25/4/2026, 08:35:18] [INFO ] GET / → 304 (1ms)
[25/4/2026, 08:35:18] [INFO ] GET /active → 200 (1ms)
[25/4/2026, 08:35:18] [INFO ] GET / → 304 (1ms)
[25/4/2026, 08:35:18] [INFO ] GET /performance → 200 (1ms)
[25/4/2026, 08:35:18] [INFO ] GET /active → 304 (1ms)
[25/4/2026, 08:35:18] [INFO ] GET /queue → 200 (1ms)
[25/4/2026, 08:35:18] [INFO ] GET / → 304 (0ms)
[25/4/2026, 08:35:18] [INFO ] GET /19/gate-pass.pdf → 200 (28ms)
[25/4/2026, 08:38:39] [INFO ] GET /supervisors → 200 (3ms)
[25/4/2026, 08:38:39] [INFO ] GET / → 304 (1ms)
[25/4/2026, 08:38:57] [INFO ] GET /performance → 304 (3ms)
[25/4/2026, 08:39:00] [INFO ] GET / → 304 (2ms)
[25/4/2026, 08:39:00] [INFO ] GET /supervisors → 304 (0ms)
[25/4/2026, 08:39:17] [INFO ] AUTO-DRAIN: HR26BS1234 → dock DOCK-02 (inbound)
[25/4/2026, 08:39:17] [INFO ] PUT /5/dock → 200 (13ms)
[25/4/2026, 08:39:17] [INFO ] GET /queue → 200 (1ms)
[25/4/2026, 08:39:17] [INFO ] GET / → 200 (1ms)
[25/4/2026, 08:39:17] [INFO ] GET / → 304 (0ms)
[25/4/2026, 08:39:17] [INFO ] GET /queue → 304 (0ms)
[25/4/2026, 08:39:17] [INFO ] GET /active → 200 (0ms)
[25/4/2026, 08:39:17] [INFO ] GET / → 304 (1ms)
[25/4/2026, 08:39:17] [INFO ] GET /queue → 304 (1ms)
[25/4/2026, 08:39:17] [INFO ] GET / → 304 (1ms)
[25/4/2026, 08:39:17] [INFO ] GET / → 304 (1ms)
[25/4/2026, 08:39:17] [INFO ] GET /queue → 304 (1ms)
[25/4/2026, 08:39:17] [INFO ] GET / → 304 (1ms)
[25/4/2026, 08:39:17] [INFO ] GET /active → 304 (1ms)
[25/4/2026, 08:39:17] [INFO ] GET /performance → 200 (1ms)
[25/4/2026, 08:39:17] [INFO ] GET / → 304 (0ms)
[25/4/2026, 08:39:17] [INFO ] GET / → 304 (0ms)
[25/4/2026, 08:39:17] [INFO ] GET /active → 304 (1ms)
[25/4/2026, 08:39:17] [INFO ] GET /active → 200 (1ms)
[25/4/2026, 08:39:17] [INFO ] GET / → 304 (1ms)
[25/4/2026, 08:39:17] [INFO ] GET /active → 304 (1ms)
[25/4/2026, 08:39:17] [INFO ] GET /history → 200 (0ms)
[25/4/2026, 08:39:17] [INFO ] GET /active → 304 (0ms)
[25/4/2026, 08:39:38] [INFO ] Device disconnected: GvlgY6lOovrP_O0AAAAB
[25/4/2026, 08:40:24] [INFO ] Device connected: wbb3GYcuiJuSeISvAAAL
[25/4/2026, 08:40:56] [INFO ] POST /login → 200 (97ms)
[25/4/2026, 08:40:56] [INFO ] GET / → 200 (1ms)
[25/4/2026, 08:40:56] [INFO ] GET /active → 200 (1ms)
[25/4/2026, 08:44:10] [INFO ] GATE OPEN: HR26BS1234 | dock: 2 | by: sonu
[25/4/2026, 08:44:10] [INFO ] POST /19/start-unloading → 200 (11ms)
[25/4/2026, 08:44:10] [INFO ] GET /active → 200 (1ms)
[25/4/2026, 08:44:10] [INFO ] GET / → 200 (1ms)
[25/4/2026, 08:44:10] [INFO ] GET /active → 304 (0ms)
[25/4/2026, 08:44:10] [INFO ] GET / → 304 (1ms)
[25/4/2026, 08:44:10] [INFO ] GET / → 200 (0ms)
[25/4/2026, 08:44:10] [INFO ] GET /queue → 304 (0ms)
[25/4/2026, 08:44:10] [INFO ] GET /queue → 304 (1ms)
[25/4/2026, 08:44:10] [INFO ] GET / → 304 (1ms)
[25/4/2026, 08:44:10] [INFO ] GET /active → 200 (0ms)
[25/4/2026, 08:44:10] [INFO ] GET /queue → 304 (0ms)
[25/4/2026, 08:44:10] [INFO ] GET / → 304 (0ms)
[25/4/2026, 08:44:10] [INFO ] GET / → 304 (0ms)
[25/4/2026, 08:44:10] [INFO ] GET /active → 304 (0ms)
[25/4/2026, 08:44:10] [INFO ] GET /active → 200 (0ms)
[25/4/2026, 08:44:10] [INFO ] GET /active → 304 (0ms)
[25/4/2026, 08:44:10] [INFO ] GET / → 304 (0ms)
[25/4/2026, 08:44:10] [INFO ] GET /history → 200 (0ms)
[25/4/2026, 08:44:10] [INFO ] GET / → 304 (0ms)
[25/4/2026, 08:44:10] [INFO ] GET /performance → 200 (1ms)
[25/4/2026, 08:45:32] [INFO ] OFFLOADED: HR26BS1234 | by: sonu
[25/4/2026, 08:45:32] [INFO ] POST /19/offloaded → 200 (13ms)
[25/4/2026, 08:45:32] [INFO ] GET / → 200 (2ms)
[25/4/2026, 08:45:32] [INFO ] GET / → 304 (1ms)
[25/4/2026, 08:45:32] [INFO ] GET /active → 200 (1ms)
[25/4/2026, 08:45:32] [INFO ] GET /active → 304 (0ms)
[25/4/2026, 08:45:32] [INFO ] GET / → 200 (1ms)
[25/4/2026, 08:45:32] [INFO ] GET /queue → 304 (0ms)
[25/4/2026, 08:45:32] [INFO ] GET /queue → 304 (1ms)
[25/4/2026, 08:45:32] [INFO ] GET / → 304 (1ms)
[25/4/2026, 08:45:32] [INFO ] GET /active → 200 (0ms)
[25/4/2026, 08:45:32] [INFO ] GET /queue → 304 (0ms)
[25/4/2026, 08:45:32] [INFO ] GET / → 304 (1ms)
[25/4/2026, 08:45:32] [INFO ] GET / → 304 (0ms)
[25/4/2026, 08:45:32] [INFO ] GET / → 304 (0ms)
[25/4/2026, 08:45:32] [INFO ] GET /active → 304 (1ms)
[25/4/2026, 08:45:32] [INFO ] GET /performance → 200 (3ms)
[25/4/2026, 08:45:32] [INFO ] GET / → 304 (0ms)
[25/4/2026, 08:45:32] [INFO ] GET /active → 304 (0ms)
[25/4/2026, 08:45:32] [INFO ] GET /active → 200 (0ms)
[25/4/2026, 08:45:32] [INFO ] GET /history → 200 (0ms)
[25/4/2026, 08:46:05] [INFO ] GET /history → 200 (2ms)
[25/4/2026, 08:46:05] [INFO ] GET /active → 304 (1ms)
[25/4/2026, 08:49:58] [INFO ] DEPARTED: HR26BS1234 | gate_pass: GP-20260425-0001 | by: Ramesh Gupta
[25/4/2026, 08:49:58] [INFO ] POST /19/depart → 200 (16ms)
[25/4/2026, 08:49:58] [INFO ] GET /active → 200 (1ms)
[25/4/2026, 08:49:58] [INFO ] GET /history → 200 (1ms)
[25/4/2026, 08:49:58] [INFO ] GET / → 304 (0ms)
[25/4/2026, 08:49:58] [INFO ] GET / → 304 (0ms)
[25/4/2026, 08:49:58] [INFO ] GET /queue → 304 (0ms)
[25/4/2026, 08:49:58] [INFO ] GET / → 304 (0ms)
[25/4/2026, 08:49:58] [INFO ] GET /queue → 304 (1ms)
[25/4/2026, 08:49:58] [INFO ] GET /active → 200 (1ms)
[25/4/2026, 08:49:58] [INFO ] GET / → 304 (1ms)
[25/4/2026, 08:49:58] [INFO ] GET /queue → 304 (0ms)
[25/4/2026, 08:49:58] [INFO ] GET /active → 304 (0ms)
[25/4/2026, 08:49:58] [INFO ] GET /history → 304 (0ms)
[25/4/2026, 08:49:58] [INFO ] GET / → 304 (0ms)
[25/4/2026, 08:49:58] [INFO ] GET /queue → 304 (0ms)
[25/4/2026, 08:49:58] [INFO ] GET / → 304 (0ms)
[25/4/2026, 08:49:58] [INFO ] GET /active → 304 (0ms)
[25/4/2026, 08:49:58] [INFO ] GET / → 304 (0ms)
[25/4/2026, 08:49:58] [INFO ] GET / → 304 (0ms)
[25/4/2026, 08:49:58] [INFO ] GET /active → 304 (0ms)
[25/4/2026, 08:49:58] [INFO ] GET /active → 200 (1ms)
[25/4/2026, 08:49:58] [INFO ] GET / → 304 (1ms)
[25/4/2026, 08:49:58] [INFO ] GET /active → 304 (1ms)
[25/4/2026, 08:49:58] [INFO ] GET /history → 200 (1ms)
[25/4/2026, 08:49:58] [INFO ] GET /active → 304 (1ms)
[25/4/2026, 08:50:45] [INFO ] Device disconnected: OaHNgL-qEzWdxKvHAAAJ
[25/4/2026, 08:50:46] [INFO ] Device connected: ROC8Ng9_dhDvxMmgAAAN
[25/4/2026, 08:50:46] [INFO ] GET /history → 304 (1ms)
[25/4/2026, 08:50:46] [INFO ] GET /active → 304 (1ms)
[25/4/2026, 08:51:18] [INFO ] GET /performance → 200 (3ms)
[25/4/2026, 08:51:23] [INFO ] GET / → 304 (1ms)
[25/4/2026, 08:51:23] [INFO ] GET /supervisors → 200 (0ms)
[25/4/2026, 08:51:57] [INFO ] POST /login → 200 (98ms)
[25/4/2026, 08:51:57] [INFO ] GET / → 304 (0ms)
[25/4/2026, 08:51:57] [INFO ] GET /active → 304 (2ms)
[25/4/2026, 08:52:55] [INFO ] REJECTION RAISED: AP01LP0074 @ dock 1 | reason: damaged seal | by: monu
[25/4/2026, 08:52:55] [INFO ] POST / → 200 (12ms)
[25/4/2026, 08:52:55] [INFO ] GET / → 200 (1ms)
[25/4/2026, 08:52:55] [INFO ] GET /active → 200 (1ms)
[25/4/2026, 08:52:55] [INFO ] GET / → 304 (1ms)
[25/4/2026, 08:52:55] [INFO ] GET / → 200 (1ms)
[25/4/2026, 08:52:55] [INFO ] GET /active → 304 (1ms)
[25/4/2026, 08:52:55] [INFO ] GET /active → 200 (0ms)
[25/4/2026, 08:52:55] [INFO ] GET / → 304 (0ms)
[25/4/2026, 08:52:55] [INFO ] GET /history → 304 (0ms)
[25/4/2026, 08:52:55] [INFO ] GET / → 304 (1ms)
[25/4/2026, 08:52:55] [INFO ] GET /queue → 304 (0ms)
[25/4/2026, 08:52:55] [INFO ] GET / → 304 (0ms)
[25/4/2026, 08:52:55] [INFO ] GET /queue → 304 (1ms)
[25/4/2026, 08:52:55] [INFO ] GET /active → 200 (1ms)
[25/4/2026, 08:52:55] [INFO ] GET / → 304 (1ms)
[25/4/2026, 08:52:55] [INFO ] GET /queue → 304 (0ms)
[25/4/2026, 08:52:55] [INFO ] GET /active → 304 (0ms)
[25/4/2026, 08:52:55] [INFO ] GET / → 200 (0ms)
[25/4/2026, 08:52:55] [INFO ] GET /queue → 304 (0ms)
[25/4/2026, 08:52:55] [INFO ] GET /active → 304 (1ms)
[25/4/2026, 08:52:55] [INFO ] GET /performance → 200 (1ms)
[25/4/2026, 08:52:55] [INFO ] GET /queue → 304 (1ms)
[25/4/2026, 08:52:55] [INFO ] GET /active → 304 (0ms)
[25/4/2026, 08:52:55] [INFO ] GET / → 304 (0ms)
[25/4/2026, 08:52:55] [INFO ] GET /history → 304 (0ms)
[25/4/2026, 08:52:55] [INFO ] GET /active → 304 (0ms)
[25/4/2026, 08:52:55] [INFO ] GET / → 304 (1ms)
[25/4/2026, 08:52:55] [INFO ] GET /active → 304 (0ms)
[25/4/2026, 08:52:55] [INFO ] GET / → 304 (0ms)
[25/4/2026, 08:52:55] [INFO ] GET / → 304 (0ms)
[25/4/2026, 08:53:11] [INFO ] GET / → 200 (1ms)
[25/4/2026, 08:53:11] [INFO ] GET / → 304 (0ms)
[25/4/2026, 08:53:11] [INFO ] GET / → 200 (1ms)
[25/4/2026, 08:53:11] [INFO ] GET / → 200 (0ms)
[25/4/2026, 08:54:46] [INFO ] POST /9/approve → 200 (4ms)
[25/4/2026, 08:54:46] [INFO ] GET / → 304 (2ms)
[25/4/2026, 08:54:46] [INFO ] GET / → 304 (1ms)
[25/4/2026, 08:54:46] [INFO ] GET /active → 200 (1ms)
[25/4/2026, 08:54:46] [INFO ] GET / → 200 (0ms)
[25/4/2026, 08:54:46] [INFO ] GET /queue → 304 (0ms)
[25/4/2026, 08:54:46] [INFO ] GET / → 304 (0ms)
[25/4/2026, 08:54:46] [INFO ] GET / → 304 (0ms)
[25/4/2026, 08:54:46] [INFO ] GET /active → 200 (0ms)
[25/4/2026, 08:54:46] [INFO ] GET / → 304 (1ms)
[25/4/2026, 08:54:46] [INFO ] GET /queue → 304 (0ms)
[25/4/2026, 08:54:46] [INFO ] GET /active → 200 (0ms)
[25/4/2026, 08:54:46] [INFO ] GET / → 304 (0ms)
[25/4/2026, 08:54:46] [INFO ] GET /active → 304 (1ms)
[25/4/2026, 08:54:46] [INFO ] GET / → 304 (0ms)
[25/4/2026, 08:54:46] [INFO ] GET / → 200 (0ms)
[25/4/2026, 08:54:46] [INFO ] GET /queue → 304 (1ms)
[25/4/2026, 08:54:46] [INFO ] GET / → 304 (0ms)
[25/4/2026, 08:54:46] [INFO ] GET /active → 304 (0ms)
[25/4/2026, 08:54:46] [INFO ] GET /history → 304 (0ms)
[25/4/2026, 08:54:46] [INFO ] GET /queue → 304 (0ms)
[25/4/2026, 08:54:46] [INFO ] GET / → 304 (0ms)
[25/4/2026, 08:54:46] [INFO ] GET /active → 304 (0ms)
[25/4/2026, 08:54:46] [INFO ] GET / → 304 (0ms)
[25/4/2026, 08:54:46] [INFO ] GET /history → 304 (0ms)
[25/4/2026, 08:54:46] [INFO ] GET /queue → 304 (1ms)
[25/4/2026, 08:54:46] [INFO ] GET / → 304 (0ms)
[25/4/2026, 08:54:46] [INFO ] GET /active → 304 (0ms)
[25/4/2026, 08:54:46] [INFO ] GET / → 304 (1ms)
[25/4/2026, 08:54:46] [INFO ] GET / → 304 (0ms)
[25/4/2026, 08:54:46] [INFO ] GET /queue → 304 (0ms)
[25/4/2026, 08:54:46] [INFO ] GET / → 304 (1ms)
[25/4/2026, 08:54:46] [INFO ] GET /active → 304 (1ms)
[25/4/2026, 08:54:46] [INFO ] GET / → 304 (0ms)
[25/4/2026, 08:54:46] [INFO ] GET / → 304 (0ms)
[25/4/2026, 08:54:46] [INFO ] GET /queue → 304 (0ms)
[25/4/2026, 08:54:46] [INFO ] GET /active → 304 (1ms)
[25/4/2026, 08:54:46] [INFO ] GET / → 304 (0ms)
[25/4/2026, 08:54:46] [INFO ] GET /active → 304 (1ms)
[25/4/2026, 08:54:46] [INFO ] GET / → 304 (0ms)
[25/4/2026, 08:54:46] [INFO ] GET / → 304 (0ms)
[25/4/2026, 08:54:46] [INFO ] GET / → 304 (0ms)
[25/4/2026, 08:54:46] [INFO ] GET / → 304 (0ms)
[25/4/2026, 08:55:34] [INFO ] AUTO-DRAIN: AP01LP0074 → dock DOCK-01 (inbound)
[25/4/2026, 08:55:34] [INFO ] POST /9/resolve → 200 (11ms)
[25/4/2026, 08:55:34] [INFO ] GET / → 200 (2ms)
[25/4/2026, 08:55:34] [INFO ] GET / → 200 (2ms)
[25/4/2026, 08:55:34] [INFO ] GET / → 200 (1ms)
[25/4/2026, 08:55:34] [INFO ] GET /active → 200 (0ms)
[25/4/2026, 08:55:34] [INFO ] GET / → 304 (0ms)
[25/4/2026, 08:55:34] [INFO ] GET / → 304 (1ms)
[25/4/2026, 08:55:34] [INFO ] GET /active → 200 (0ms)
[25/4/2026, 08:55:34] [INFO ] GET / → 304 (0ms)
[25/4/2026, 08:55:34] [INFO ] GET /history → 304 (0ms)
[25/4/2026, 08:55:34] [INFO ] GET / → 304 (0ms)
[25/4/2026, 08:55:34] [INFO ] GET /queue → 304 (0ms)
[25/4/2026, 08:55:34] [INFO ] GET / → 304 (1ms)
[25/4/2026, 08:55:34] [INFO ] GET /active → 304 (0ms)
[25/4/2026, 08:55:34] [INFO ] GET /active → 200 (0ms)
[25/4/2026, 08:55:34] [INFO ] GET / → 304 (1ms)
[25/4/2026, 08:55:34] [INFO ] GET / → 304 (0ms)
[25/4/2026, 08:55:34] [INFO ] GET /history → 304 (0ms)
[25/4/2026, 08:55:34] [INFO ] GET / → 304 (1ms)
[25/4/2026, 08:55:34] [INFO ] GET / → 304 (0ms)
[25/4/2026, 08:55:34] [INFO ] GET /active → 304 (1ms)
[25/4/2026, 08:55:34] [INFO ] GET / → 304 (0ms)
[25/4/2026, 08:55:34] [INFO ] GET /queue → 304 (0ms)
[25/4/2026, 08:55:34] [INFO ] GET /history → 304 (1ms)
[25/4/2026, 08:55:34] [INFO ] GET / → 304 (0ms)
[25/4/2026, 08:55:34] [INFO ] GET /active → 304 (1ms)
[25/4/2026, 08:55:34] [INFO ] GET / → 304 (0ms)
[25/4/2026, 08:55:34] [INFO ] GET /queue → 304 (0ms)
[25/4/2026, 08:55:34] [INFO ] GET /history → 304 (1ms)
[25/4/2026, 08:55:34] [INFO ] GET / → 200 (0ms)
[25/4/2026, 08:55:34] [INFO ] GET / → 304 (0ms)
[25/4/2026, 08:55:34] [INFO ] GET /active → 304 (0ms)
[25/4/2026, 08:55:34] [INFO ] GET / → 304 (0ms)
[25/4/2026, 08:55:34] [INFO ] GET /queue → 304 (0ms)
[25/4/2026, 08:55:34] [INFO ] GET /active → 304 (0ms)
[25/4/2026, 08:55:34] [INFO ] GET / → 304 (0ms)
[25/4/2026, 08:55:34] [INFO ] GET /active → 304 (0ms)
[25/4/2026, 08:55:34] [INFO ] GET / → 304 (0ms)
[25/4/2026, 08:55:34] [INFO ] GET /queue → 304 (0ms)
[25/4/2026, 08:55:34] [INFO ] GET / → 304 (0ms)
[25/4/2026, 08:55:34] [INFO ] GET / → 304 (0ms)
[25/4/2026, 08:55:34] [INFO ] GET /active → 304 (0ms)
[25/4/2026, 08:55:34] [INFO ] GET / → 304 (1ms)
[25/4/2026, 08:55:34] [INFO ] GET /queue → 304 (0ms)
[25/4/2026, 08:55:34] [INFO ] GET / → 304 (0ms)
[25/4/2026, 08:55:34] [INFO ] GET /active → 304 (1ms)
[25/4/2026, 08:55:34] [INFO ] GET / → 304 (1ms)
[25/4/2026, 08:55:34] [INFO ] GET / → 304 (5ms)
[25/4/2026, 08:55:34] [INFO ] GET / → 304 (1ms)
[25/4/2026, 08:55:34] [INFO ] GET /active → 304 (0ms)
[25/4/2026, 08:55:34] [INFO ] GET / → 304 (1ms)
[25/4/2026, 08:55:34] [INFO ] GET /queue → 304 (0ms)
[25/4/2026, 08:55:34] [INFO ] GET / → 304 (0ms)
[25/4/2026, 08:55:34] [INFO ] GET /active → 304 (6ms)
[25/4/2026, 08:55:34] [INFO ] GET / → 304 (0ms)
[25/4/2026, 08:55:34] [INFO ] GET / → 304 (1ms)
[25/4/2026, 08:55:34] [INFO ] GET /active → 304 (0ms)
[25/4/2026, 08:55:34] [INFO ] GET / → 304 (1ms)
[25/4/2026, 08:55:34] [INFO ] GET /queue → 304 (1ms)
[25/4/2026, 08:55:34] [INFO ] GET / → 304 (0ms)
[25/4/2026, 08:55:34] [INFO ] GET /active → 304 (0ms)
[25/4/2026, 08:55:34] [INFO ] GET / → 304 (1ms)
[25/4/2026, 08:55:34] [INFO ] GET / → 304 (0ms)
[25/4/2026, 08:55:34] [INFO ] GET /active → 304 (0ms)
[25/4/2026, 08:55:34] [INFO ] GET /queue → 304 (1ms)
[25/4/2026, 08:55:34] [INFO ] GET / → 304 (1ms)
[25/4/2026, 08:55:34] [INFO ] GET /active → 304 (0ms)
[25/4/2026, 08:55:34] [INFO ] GET /queue → 304 (1ms)
[25/4/2026, 08:55:34] [INFO ] GET / → 304 (0ms)
[25/4/2026, 08:55:34] [INFO ] GET /active → 304 (0ms)
[25/4/2026, 08:55:34] [INFO ] GET /queue → 304 (0ms)
[25/4/2026, 08:55:34] [INFO ] GET /active → 304 (1ms)
[25/4/2026, 08:55:34] [INFO ] GET / → 304 (0ms)
[25/4/2026, 08:55:34] [INFO ] GET /queue → 304 (0ms)
[25/4/2026, 08:55:34] [INFO ] GET /queue → 304 (0ms)
[25/4/2026, 08:55:34] [INFO ] GET / → 304 (0ms)
[25/4/2026, 08:55:34] [INFO ] GET / → 304 (1ms)
[25/4/2026, 08:55:39] [INFO ] GET /performance → 200 (3ms)
[25/4/2026, 08:56:59] [INFO ] GET / → 200 (2ms)
